# JRE version: OpenJDK Runtime Environment Temurin-25.0.3+9 (25.0.3+9) (build 25.0.3+9-LTS)
# Java VM: OpenJDK 64-Bit Server VM Temurin-25.0.3+9 (25.0.3+9-LTS, mixed mode, sharing, tiered, compressed oops, compressed class ptrs, g1 gc, windows-amd64)
GC Precious Log:
 CardTable entry size: 512
 Card Set container configuration: InlinePtr #cards 5 size 8 Array Of Cards #cards 10 size 36 Howl #buckets 4 coarsen threshold 1843 Howl Bitmap #cards 512 size 80 coarsen threshold 460 Card regions per heap region 1 cards per card region 2048
 CPUs: 2 total, 2 available
 Memory: 3919M
 Large Page Support: Disabled
 NUMA Support: Disabled
 Compressed Oops: Enabled (32-bit)
 Heap Region Size: 1M
 Heap Min Capacity: 8M
 Heap Initial Capacity: 62M
 Heap Max Capacity: 980M
 Pre-touch: Disabled
 Parallel Workers: 2
 Concurrent Workers: 1
 Concurrent Refinement Workers: 2
 Periodic GC: Disabled
Heap:
 garbage-first heap   total reserved 1003520K, committed 102400K, used 69120K [0x00000000c2c00000, 0x0000000100000000)
  region size 1024K, 2 young (2048K), 2 survivors (2048K)
GC Heap Usage History (20 events):
Event: 4.984 {heap After GC invocations=5 (full 0):
 garbage-first heap   total reserved 1003520K, committed 49152K, used 18979K [0x00000000c2c00000, 0x0000000100000000)
  region size 1024K, 4 young (4096K), 4 survivors (4096K)
}
Event: 5.069 {heap Before GC invocations=5 (full 0):
 garbage-first heap   total reserved 1003520K, committed 49152K, used 34339K [0x00000000c2c00000, 0x0000000100000000)
  region size 1024K, 19 young (19456K), 4 survivors (4096K)
}
Event: 5.091 {heap After GC invocations=6 (full 0):
 garbage-first heap   total reserved 1003520K, committed 49152K, used 25489K [0x00000000c2c00000, 0x0000000100000000)
  region size 1024K, 3 young (3072K), 3 survivors (3072K)
}
Event: 5.255 {heap Before GC invocations=6 (full 0):
 garbage-first heap   total reserved 1003520K, committed 49152K, used 36753K [0x00000000c2c00000, 0x0000000100000000)
  region size 1024K, 14 young (14336K), 3 survivors (3072K)
}
Event: 5.273 {heap After GC invocations=7 (full 0):
 garbage-first heap   total reserved 1003520K, committed 49152K, used 29585K [0x00000000c2c00000, 0x0000000100000000)
  region size 1024K, 2 young (2048K), 2 survivors (2048K)
}
Event: 5.451 {heap Before GC invocations=8 (full 0):
 garbage-first heap   total reserved 1003520K, committed 51200K, used 38801K [0x00000000c2c00000, 0x0000000100000000)
  region size 1024K, 11 young (11264K), 2 survivors (2048K)
}
Event: 5.466 {heap After GC invocations=9 (full 0):
 garbage-first heap   total reserved 1003520K, committed 51200K, used 34193K [0x00000000c2c00000, 0x0000000100000000)
  region size 1024K, 2 young (2048K), 2 survivors (2048K)
}
Event: 5.576 {heap Before GC invocations=9 (full 0):
 garbage-first heap   total reserved 1003520K, committed 51200K, used 41361K [0x00000000c2c00000, 0x0000000100000000)
  region size 1024K, 9 young (9216K), 2 survivors (2048K)
}
Event: 5.589 {heap After GC invocations=10 (full 0):
 garbage-first heap   total reserved 1003520K, committed 102400K, used 37888K [0x00000000c2c00000, 0x0000000100000000)
  region size 1024K, 2 young (2048K), 2 survivors (2048K)
}
Event: 8.093 {heap Before GC invocations=10 (full 0):
 garbage-first heap   total reserved 1003520K, committed 102400K, used 70656K [0x00000000c2c00000, 0x0000000100000000)
  region size 1024K, 34 young (34816K), 2 survivors (2048K)
}
Event: 8.122 {heap After GC invocations=11 (full 0):
 garbage-first heap   total reserved 1003520K, committed 102400K, used 44842K [0x00000000c2c00000, 0x0000000100000000)
  region size 1024K, 5 young (5120K), 5 survivors (5120K)
}
Event: 9.029 {heap Before GC invocations=11 (full 0):
 garbage-first heap   total reserved 1003520K, committed 102400K, used 74538K [0x00000000c2c00000, 0x0000000100000000)
  region size 1024K, 34 young (34816K), 5 survivors (5120K)
}
Event: 9.052 {heap After GC invocations=12 (full 0):
 garbage-first heap   total reserved 1003520K, committed 102400K, used 49664K [0x00000000c2c00000, 0x0000000100000000)
  region size 1024K, 4 young (4096K), 4 survivors (4096K)
}
Event: 10.709 {heap Before GC invocations=12 (full 0):
 garbage-first heap   total reserved 1003520K, committed 102400K, used 70144K [0x00000000c2c00000, 0x0000000100000000)
  region size 1024K, 26 young (26624K), 4 survivors (4096K)
}
Event: 10.721 {heap After GC invocations=13 (full 0):
 garbage-first heap   total reserved 1003520K, committed 102400K, used 51920K [0x00000000c2c00000, 0x0000000100000000)
  region size 1024K, 2 young (2048K), 2 survivors (2048K)
}
Event: 13.073 {heap Before GC invocations=14 (full 0):
 garbage-first heap   total reserved 1003520K, committed 102400K, used 83664K [0x00000000c2c00000, 0x0000000100000000)
  region size 1024K, 32 young (32768K), 2 survivors (2048K)
}
Event: 13.094 {heap After GC invocations=15 (full 0):
 garbage-first heap   total reserved 1003520K, committed 102400K, used 58170K [0x00000000c2c00000, 0x0000000100000000)
  region size 1024K, 4 young (4096K), 4 survivors (4096K)
}
Event: 13.800 {heap Before GC invocations=15 (full 0):
 garbage-first heap   total reserved 1003520K, committed 102400K, used 85818K [0x00000000c2c00000, 0x0000000100000000)
  region size 1024K, 31 young (31744K), 4 survivors (4096K)
}
Event: 13.841 {heap After GC invocations=16 (full 0):
 garbage-first heap   total reserved 1003520K, committed 102400K, used 66560K [0x00000000c2c00000, 0x0000000100000000)
  region size 1024K, 4 young (4096K), 4 survivors (4096K)
}
Event: 14.834 {heap Before GC invocations=16 (full 0):
 garbage-first heap   total reserved 1003520K, committed 102400K, used 87040K [0x00000000c2c00000, 0x0000000100000000)
  region size 1024K, 24 young (24576K), 4 survivors (4096K)
}

